<?xml version="1.0" encoding="UTF-8"?>
<testng-results skipped="0" failed="0" ignored="0" total="1" passed="1">
  <reporter-output>
  </reporter-output>
  <suite name="Default suite" duration-ms="39908" started-at="2017-04-18T17:34:36Z" finished-at="2017-04-18T17:35:16Z">
    <groups>
    </groups>
    <test name="Default test" duration-ms="39908" started-at="2017-04-18T17:34:36Z" finished-at="2017-04-18T17:35:16Z">
      <class name="com.test.automation.uiAutomation.homePage.TC001_VerifyLoginWithInvalidCredentials">
        <test-method status="PASS" signature="setUp()[pri:0, instance:com.test.automation.uiAutomation.homePage.TC001_VerifyLoginWithInvalidCredentials@e25b2fe]" name="setUp" is-config="true" duration-ms="33276" started-at="2017-04-18T23:04:36Z" finished-at="2017-04-18T23:05:10Z">
          <reporter-output>
          </reporter-output>
        </test-method> <!-- setUp -->
        <test-method status="PASS" signature="verifyLoginWithInvalidCredentials()[pri:0, instance:com.test.automation.uiAutomation.homePage.TC001_VerifyLoginWithInvalidCredentials@e25b2fe]" name="verifyLoginWithInvalidCredentials" duration-ms="6470" started-at="2017-04-18T23:05:10Z" finished-at="2017-04-18T23:05:16Z">
          <reporter-output>
          </reporter-output>
        </test-method> <!-- verifyLoginWithInvalidCredentials -->
        <test-method status="PASS" signature="endTest()[pri:0, instance:com.test.automation.uiAutomation.homePage.TC001_VerifyLoginWithInvalidCredentials@e25b2fe]" name="endTest" is-config="true" duration-ms="98" started-at="2017-04-18T23:05:16Z" finished-at="2017-04-18T23:05:16Z">
          <reporter-output>
          </reporter-output>
        </test-method> <!-- endTest -->
      </class> <!-- com.test.automation.uiAutomation.homePage.TC001_VerifyLoginWithInvalidCredentials -->
    </test> <!-- Default test -->
  </suite> <!-- Default suite -->
</testng-results>
